<?xml version="1.0" encoding="UTF-8"?>
<!-- Generated by org.testng.reporters.JUnitReportReporter -->
<testsuite hostname="LAPTOP-GAKFKHBC" failures="0" tests="1" name="tests.SanityTestHubNodes" time="4.986" errors="0" timestamp="2024-11-25T21:43:16 IST" skipped="0">
  <testcase classname="tests.SanityTestHubNodes" name="test01_count_items" time="4.986"/>
  <system-out/>
</testsuite> <!-- tests.SanityTestHubNodes -->
