<?xml version="1.0" encoding="UTF-8"?>
<!-- Generated by org.testng.reporters.JUnitReportReporter -->
<testsuite hostname="LAPTOP-GAKFKHBC" failures="0" tests="1" name="tests.SanityTest" time="0.676" errors="0" timestamp="2024-10-22T16:50:36 IDT" skipped="0">
  <testcase classname="tests.SanityTest" name="test01_count_items" time="0.676"/>
  <system-out/>
</testsuite> <!-- tests.SanityTest -->
