<?xml version="1.0" encoding="UTF-8"?>
<!-- Generated by org.testng.reporters.JUnitReportReporter -->
<testsuite hostname="LAPTOP-GAKFKHBC" failures="0" tests="6" name="tests.SanityTestHubNodes" time="902.475" errors="3" timestamp="2024-11-08T20:42:55 IST" skipped="3">
  <testcase classname="tests.SanityTestHubNodes" name="setup" time="300.825">
    <error message="Could not start a new session. New session request timed out 
Host info: host: &#039;e97840176215&#039;, ip: &#039;172.18.0.2&#039;
Build info: version: &#039;4.23.1&#039;, revision: &#039;656257d8e9&#039;
System info: os.name: &#039;Linux&#039;, os.arch: &#039;amd64&#039;, os.version: &#039;5.15.153.1-microsoft-standard-WSL2&#039;, java.version: &#039;17.0.12&#039;
Driver info: driver.version: unknown
Build info: version: &#039;3.141.59&#039;, revision: &#039;e82be7d358&#039;, time: &#039;2018-11-14T08:17:03&#039;
System info: host: &#039;LAPTOP-GAKFKHBC&#039;, ip: &#039;10.100.102.153&#039;, os.name: &#039;Windows 11&#039;, os.arch: &#039;amd64&#039;, os.version: &#039;10.0&#039;, java.version: &#039;17.0.4&#039;
Driver info: driver.version: RemoteWebDriver
remote stacktrace: [{fileName=LocalNewSessionQueue.java, moduleVersion=null, nativeMethod=false, moduleName=null, methodName=addToQueue, className=org.openqa.selenium.grid.sessionqueue.local.LocalNewSessionQueue, lineNumber=221, classLoaderName=null}, {fileName=NewSessionQueue.java, moduleVersion=null, nativeMethod=false, moduleName=null, methodName=lambda$new$0, className=org.openqa.selenium.grid.sessionqueue.NewSessionQueue, lineNumber=68, classLoaderName=null}, {fileName=Route.java, moduleVersion=null, nativeMethod=false, moduleName=null, methodName=handle, className=org.openqa.selenium.remote.http.Route$TemplatizedRoute, lineNumber=192, classLoaderName=null}, {fileName=Route.java, moduleVersion=null, nativeMethod=false, moduleName=null, methodName=execute, className=org.openqa.selenium.remote.http.Route, lineNumber=69, classLoaderName=null}, {fileName=Route.java, moduleVersion=null, nativeMethod=false, moduleName=null, methodName=handle, className=org.openqa.selenium.remote.http.Route$CombinedRoute, lineNumber=360, classLoaderName=null}, {fileName=Route.java, moduleVersion=null, nativeMethod=false, moduleName=null, methodName=execute, className=org.openqa.selenium.remote.http.Route, lineNumber=69, classLoaderName=null}, {fileName=NewSessionQueue.java, moduleVersion=null, nativeMethod=false, moduleName=null, methodName=execute, className=org.openqa.selenium.grid.sessionqueue.NewSessionQueue, lineNumber=128, classLoaderName=null}, {fileName=SpanWrappedHttpHandler.java, moduleVersion=null, nativeMethod=false, moduleName=null, methodName=execute, className=org.openqa.selenium.remote.tracing.SpanWrappedHttpHandler, lineNumber=87, classLoaderName=null}, {fileName=Filter.java, moduleVersion=null, nativeMethod=false, moduleName=null, methodName=execute, className=org.openqa.selenium.remote.http.Filter$1, lineNumber=63, classLoaderName=null}, {fileName=Route.java, moduleVersion=null, nativeMethod=false, moduleName=null, methodName=handle, className=org.openqa.selenium.remote.http.Route$CombinedRoute, lineNumber=360, classLoaderName=null}, {fileName=Route.java, moduleVersion=null, nativeMethod=false, moduleName=null, methodName=execute, className=org.openqa.selenium.remote.http.Route, lineNumber=69, classLoaderName=null}, {fileName=Router.java, moduleVersion=null, nativeMethod=false, moduleName=null, methodName=execute, className=org.openqa.selenium.grid.router.Router, lineNumber=87, classLoaderName=null}, {fileName=EnsureSpecCompliantResponseHeaders.java, moduleVersion=null, nativeMethod=false, moduleName=null, methodName=lambda$apply$0, className=org.openqa.selenium.grid.web.EnsureSpecCompliantResponseHeaders, lineNumber=34, classLoaderName=null}, {fileName=Filter.java, moduleVersion=null, nativeMethod=false, moduleName=null, methodName=execute, className=org.openqa.selenium.remote.http.Filter$1, lineNumber=63, classLoaderName=null}, {fileName=Route.java, moduleVersion=null, nativeMethod=false, moduleName=null, methodName=handle, className=org.openqa.selenium.remote.http.Route$CombinedRoute, lineNumber=360, classLoaderName=null}, {fileName=Route.java, moduleVersion=null, nativeMethod=false, moduleName=null, methodName=execute, className=org.openqa.selenium.remote.http.Route, lineNumber=69, classLoaderName=null}, {fileName=AddWebDriverSpecHeaders.java, moduleVersion=null, nativeMethod=false, moduleName=null, methodName=lambda$apply$0, className=org.openqa.selenium.remote.AddWebDriverSpecHeaders, lineNumber=35, classLoaderName=null}, {fileName=ErrorFilter.java, moduleVersion=null, nativeMethod=false, moduleName=null, methodName=lambda$apply$0, className=org.openqa.selenium.remote.ErrorFilter, lineNumber=44, classLoaderName=null}, {fileName=Filter.java, moduleVersion=null, nativeMethod=false, moduleName=null, methodName=execute, className=org.openqa.selenium.remote.http.Filter$1, lineNumber=63, classLoaderName=null}, {fileName=ErrorFilter.java, moduleVersion=null, nativeMethod=false, moduleName=null, methodName=lambda$apply$0, className=org.openqa.selenium.remote.ErrorFilter, lineNumber=44, classLoaderName=null}, {fileName=Filter.java, moduleVersion=null, nativeMethod=false, moduleName=null, methodName=execute, className=org.openqa.selenium.remote.http.Filter$1, lineNumber=63, classLoaderName=null}, {fileName=SeleniumHandler.java, moduleVersion=null, nativeMethod=false, moduleName=null, methodName=lambda$channelRead0$0, className=org.openqa.selenium.netty.server.SeleniumHandler, lineNumber=44, classLoaderName=null}, {fileName=Executors.java, moduleVersion=17.0.12, nativeMethod=false, moduleName=java.base, methodName=call, className=java.util.concurrent.Executors$RunnableAdapter, lineNumber=539, classLoaderName=null}, {fileName=FutureTask.java, moduleVersion=17.0.12, nativeMethod=false, moduleName=java.base, methodName=run, className=java.util.concurrent.FutureTask, lineNumber=264, classLoaderName=null}, {fileName=ThreadPoolExecutor.java, moduleVersion=17.0.12, nativeMethod=false, moduleName=java.base, methodName=runWorker, className=java.util.concurrent.ThreadPoolExecutor, lineNumber=1136, classLoaderName=null}, {fileName=ThreadPoolExecutor.java, moduleVersion=17.0.12, nativeMethod=false, moduleName=java.base, methodName=run, className=java.util.concurrent.ThreadPoolExecutor$Worker, lineNumber=635, classLoaderName=null}, {fileName=Thread.java, moduleVersion=17.0.12, nativeMethod=false, moduleName=java.base, methodName=run, className=java.lang.Thread, lineNumber=840, classLoaderName=null}]" type="org.openqa.selenium.SessionNotCreatedException">
      <![CDATA[org.openqa.selenium.SessionNotCreatedException: Could not start a new session. New session request timed out 
Host info: host: 'e97840176215', ip: '172.18.0.2'
Build info: version: '4.23.1', revision: '656257d8e9'
System info: os.name: 'Linux', os.arch: 'amd64', os.version: '5.15.153.1-microsoft-standard-WSL2', java.version: '17.0.12'
Driver info: driver.version: unknown
Build info: version: '3.141.59', revision: 'e82be7d358', time: '2018-11-14T08:17:03'
System info: host: 'LAPTOP-GAKFKHBC', ip: '10.100.102.153', os.name: 'Windows 11', os.arch: 'amd64', os.version: '10.0', java.version: '17.0.4'
Driver info: driver.version: RemoteWebDriver
remote stacktrace: [{fileName=LocalNewSessionQueue.java, moduleVersion=null, nativeMethod=false, moduleName=null, methodName=addToQueue, className=org.openqa.selenium.grid.sessionqueue.local.LocalNewSessionQueue, lineNumber=221, classLoaderName=null}, {fileName=NewSessionQueue.java, moduleVersion=null, nativeMethod=false, moduleName=null, methodName=lambda$new$0, className=org.openqa.selenium.grid.sessionqueue.NewSessionQueue, lineNumber=68, classLoaderName=null}, {fileName=Route.java, moduleVersion=null, nativeMethod=false, moduleName=null, methodName=handle, className=org.openqa.selenium.remote.http.Route$TemplatizedRoute, lineNumber=192, classLoaderName=null}, {fileName=Route.java, moduleVersion=null, nativeMethod=false, moduleName=null, methodName=execute, className=org.openqa.selenium.remote.http.Route, lineNumber=69, classLoaderName=null}, {fileName=Route.java, moduleVersion=null, nativeMethod=false, moduleName=null, methodName=handle, className=org.openqa.selenium.remote.http.Route$CombinedRoute, lineNumber=360, classLoaderName=null}, {fileName=Route.java, moduleVersion=null, nativeMethod=false, moduleName=null, methodName=execute, className=org.openqa.selenium.remote.http.Route, lineNumber=69, classLoaderName=null}, {fileName=NewSessionQueue.java, moduleVersion=null, nativeMethod=false, moduleName=null, methodName=execute, className=org.openqa.selenium.grid.sessionqueue.NewSessionQueue, lineNumber=128, classLoaderName=null}, {fileName=SpanWrappedHttpHandler.java, moduleVersion=null, nativeMethod=false, moduleName=null, methodName=execute, className=org.openqa.selenium.remote.tracing.SpanWrappedHttpHandler, lineNumber=87, classLoaderName=null}, {fileName=Filter.java, moduleVersion=null, nativeMethod=false, moduleName=null, methodName=execute, className=org.openqa.selenium.remote.http.Filter$1, lineNumber=63, classLoaderName=null}, {fileName=Route.java, moduleVersion=null, nativeMethod=false, moduleName=null, methodName=handle, className=org.openqa.selenium.remote.http.Route$CombinedRoute, lineNumber=360, classLoaderName=null}, {fileName=Route.java, moduleVersion=null, nativeMethod=false, moduleName=null, methodName=execute, className=org.openqa.selenium.remote.http.Route, lineNumber=69, classLoaderName=null}, {fileName=Router.java, moduleVersion=null, nativeMethod=false, moduleName=null, methodName=execute, className=org.openqa.selenium.grid.router.Router, lineNumber=87, classLoaderName=null}, {fileName=EnsureSpecCompliantResponseHeaders.java, moduleVersion=null, nativeMethod=false, moduleName=null, methodName=lambda$apply$0, className=org.openqa.selenium.grid.web.EnsureSpecCompliantResponseHeaders, lineNumber=34, classLoaderName=null}, {fileName=Filter.java, moduleVersion=null, nativeMethod=false, moduleName=null, methodName=execute, className=org.openqa.selenium.remote.http.Filter$1, lineNumber=63, classLoaderName=null}, {fileName=Route.java, moduleVersion=null, nativeMethod=false, moduleName=null, methodName=handle, className=org.openqa.selenium.remote.http.Route$CombinedRoute, lineNumber=360, classLoaderName=null}, {fileName=Route.java, moduleVersion=null, nativeMethod=false, moduleName=null, methodName=execute, className=org.openqa.selenium.remote.http.Route, lineNumber=69, classLoaderName=null}, {fileName=AddWebDriverSpecHeaders.java, moduleVersion=null, nativeMethod=false, moduleName=null, methodName=lambda$apply$0, className=org.openqa.selenium.remote.AddWebDriverSpecHeaders, lineNumber=35, classLoaderName=null}, {fileName=ErrorFilter.java, moduleVersion=null, nativeMethod=false, moduleName=null, methodName=lambda$apply$0, className=org.openqa.selenium.remote.ErrorFilter, lineNumber=44, classLoaderName=null}, {fileName=Filter.java, moduleVersion=null, nativeMethod=false, moduleName=null, methodName=execute, className=org.openqa.selenium.remote.http.Filter$1, lineNumber=63, classLoaderName=null}, {fileName=ErrorFilter.java, moduleVersion=null, nativeMethod=false, moduleName=null, methodName=lambda$apply$0, className=org.openqa.selenium.remote.ErrorFilter, lineNumber=44, classLoaderName=null}, {fileName=Filter.java, moduleVersion=null, nativeMethod=false, moduleName=null, methodName=execute, className=org.openqa.selenium.remote.http.Filter$1, lineNumber=63, classLoaderName=null}, {fileName=SeleniumHandler.java, moduleVersion=null, nativeMethod=false, moduleName=null, methodName=lambda$channelRead0$0, className=org.openqa.selenium.netty.server.SeleniumHandler, lineNumber=44, classLoaderName=null}, {fileName=Executors.java, moduleVersion=17.0.12, nativeMethod=false, moduleName=java.base, methodName=call, className=java.util.concurrent.Executors$RunnableAdapter, lineNumber=539, classLoaderName=null}, {fileName=FutureTask.java, moduleVersion=17.0.12, nativeMethod=false, moduleName=java.base, methodName=run, className=java.util.concurrent.FutureTask, lineNumber=264, classLoaderName=null}, {fileName=ThreadPoolExecutor.java, moduleVersion=17.0.12, nativeMethod=false, moduleName=java.base, methodName=runWorker, className=java.util.concurrent.ThreadPoolExecutor, lineNumber=1136, classLoaderName=null}, {fileName=ThreadPoolExecutor.java, moduleVersion=17.0.12, nativeMethod=false, moduleName=java.base, methodName=run, className=java.util.concurrent.ThreadPoolExecutor$Worker, lineNumber=635, classLoaderName=null}, {fileName=Thread.java, moduleVersion=17.0.12, nativeMethod=false, moduleName=java.base, methodName=run, className=java.lang.Thread, lineNumber=840, classLoaderName=null}]
at java.base/jdk.internal.reflect.NativeConstructorAccessorImpl.newInstance0(Native Method)
at java.base/jdk.internal.reflect.NativeConstructorAccessorImpl.newInstance(NativeConstructorAccessorImpl.java:77)
at java.base/jdk.internal.reflect.DelegatingConstructorAccessorImpl.newInstance(DelegatingConstructorAccessorImpl.java:45)
at java.base/java.lang.reflect.Constructor.newInstanceWithCaller(Constructor.java:499)
at java.base/java.lang.reflect.Constructor.newInstance(Constructor.java:480)
at org.openqa.selenium.remote.W3CHandshakeResponse.lambda$errorHandler$0(W3CHandshakeResponse.java:62)
at org.openqa.selenium.remote.HandshakeResponse.lambda$getResponseFunction$0(HandshakeResponse.java:30)
at org.openqa.selenium.remote.ProtocolHandshake.lambda$createSession$0(ProtocolHandshake.java:126)
at java.base/java.util.stream.ReferencePipeline$3$1.accept(ReferencePipeline.java:197)
at java.base/java.util.Spliterators$ArraySpliterator.tryAdvance(Spliterators.java:1002)
at java.base/java.util.stream.ReferencePipeline.forEachWithCancel(ReferencePipeline.java:129)
at java.base/java.util.stream.AbstractPipeline.copyIntoWithCancel(AbstractPipeline.java:527)
at java.base/java.util.stream.AbstractPipeline.copyInto(AbstractPipeline.java:513)
at java.base/java.util.stream.AbstractPipeline.wrapAndCopyInto(AbstractPipeline.java:499)
at java.base/java.util.stream.FindOps$FindOp.evaluateSequential(FindOps.java:150)
at java.base/java.util.stream.AbstractPipeline.evaluate(AbstractPipeline.java:234)
at java.base/java.util.stream.ReferencePipeline.findFirst(ReferencePipeline.java:647)
at org.openqa.selenium.remote.ProtocolHandshake.createSession(ProtocolHandshake.java:128)
at org.openqa.selenium.remote.ProtocolHandshake.createSession(ProtocolHandshake.java:74)
at org.openqa.selenium.remote.HttpCommandExecutor.execute(HttpCommandExecutor.java:136)
at org.openqa.selenium.remote.RemoteWebDriver.execute(RemoteWebDriver.java:552)
at org.openqa.selenium.remote.RemoteWebDriver.startSession(RemoteWebDriver.java:213)
at org.openqa.selenium.remote.RemoteWebDriver.<init>(RemoteWebDriver.java:131)
at org.openqa.selenium.remote.RemoteWebDriver.<init>(RemoteWebDriver.java:144)
at tests.SanityTestHubNodes.setup(SanityTestHubNodes.java:39)
at java.base/jdk.internal.reflect.NativeMethodAccessorImpl.invoke0(Native Method)
at java.base/jdk.internal.reflect.NativeMethodAccessorImpl.invoke(NativeMethodAccessorImpl.java:77)
at java.base/jdk.internal.reflect.DelegatingMethodAccessorImpl.invoke(DelegatingMethodAccessorImpl.java:43)
at java.base/java.lang.reflect.Method.invoke(Method.java:568)
at org.testng.internal.invokers.MethodInvocationHelper.invokeMethod(MethodInvocationHelper.java:139)
at org.testng.internal.invokers.MethodInvocationHelper.invokeMethodConsideringTimeout(MethodInvocationHelper.java:69)
at org.testng.internal.invokers.ConfigInvoker.invokeConfigurationMethod(ConfigInvoker.java:361)
at org.testng.internal.invokers.ConfigInvoker.invokeConfigurations(ConfigInvoker.java:296)
at org.testng.internal.invokers.TestMethodWorker.invokeBeforeClassMethods(TestMethodWorker.java:180)
at org.testng.internal.invokers.TestMethodWorker.run(TestMethodWorker.java:122)
at java.base/java.util.ArrayList.forEach(ArrayList.java:1511)
at org.testng.TestRunner.privateRun(TestRunner.java:829)
at org.testng.TestRunner.run(TestRunner.java:602)
at org.testng.SuiteRunner.runTest(SuiteRunner.java:437)
at org.testng.SuiteRunner$SuiteWorker.run(SuiteRunner.java:475)
at org.testng.internal.thread.ThreadUtil.lambda$execute$0(ThreadUtil.java:58)
at java.base/java.util.concurrent.FutureTask.run(FutureTask.java:264)
at java.base/java.util.concurrent.ThreadPoolExecutor.runWorker(ThreadPoolExecutor.java:1136)
at java.base/java.util.concurrent.ThreadPoolExecutor$Worker.run(ThreadPoolExecutor.java:635)
at java.base/java.lang.Thread.run(Thread.java:833)
]]>
    </error>
  </testcase> <!-- setup -->
  <system-out/>
  <testcase classname="tests.SanityTestHubNodes" name="setup" time="300.825">
    <error message="Could not start a new session. New session request timed out 
Host info: host: &#039;e97840176215&#039;, ip: &#039;172.18.0.2&#039;
Build info: version: &#039;4.23.1&#039;, revision: &#039;656257d8e9&#039;
System info: os.name: &#039;Linux&#039;, os.arch: &#039;amd64&#039;, os.version: &#039;5.15.153.1-microsoft-standard-WSL2&#039;, java.version: &#039;17.0.12&#039;
Driver info: driver.version: unknown
Build info: version: &#039;3.141.59&#039;, revision: &#039;e82be7d358&#039;, time: &#039;2018-11-14T08:17:03&#039;
System info: host: &#039;LAPTOP-GAKFKHBC&#039;, ip: &#039;10.100.102.153&#039;, os.name: &#039;Windows 11&#039;, os.arch: &#039;amd64&#039;, os.version: &#039;10.0&#039;, java.version: &#039;17.0.4&#039;
Driver info: driver.version: RemoteWebDriver
remote stacktrace: [{fileName=LocalNewSessionQueue.java, moduleVersion=null, nativeMethod=false, moduleName=null, methodName=addToQueue, className=org.openqa.selenium.grid.sessionqueue.local.LocalNewSessionQueue, lineNumber=221, classLoaderName=null}, {fileName=NewSessionQueue.java, moduleVersion=null, nativeMethod=false, moduleName=null, methodName=lambda$new$0, className=org.openqa.selenium.grid.sessionqueue.NewSessionQueue, lineNumber=68, classLoaderName=null}, {fileName=Route.java, moduleVersion=null, nativeMethod=false, moduleName=null, methodName=handle, className=org.openqa.selenium.remote.http.Route$TemplatizedRoute, lineNumber=192, classLoaderName=null}, {fileName=Route.java, moduleVersion=null, nativeMethod=false, moduleName=null, methodName=execute, className=org.openqa.selenium.remote.http.Route, lineNumber=69, classLoaderName=null}, {fileName=Route.java, moduleVersion=null, nativeMethod=false, moduleName=null, methodName=handle, className=org.openqa.selenium.remote.http.Route$CombinedRoute, lineNumber=360, classLoaderName=null}, {fileName=Route.java, moduleVersion=null, nativeMethod=false, moduleName=null, methodName=execute, className=org.openqa.selenium.remote.http.Route, lineNumber=69, classLoaderName=null}, {fileName=NewSessionQueue.java, moduleVersion=null, nativeMethod=false, moduleName=null, methodName=execute, className=org.openqa.selenium.grid.sessionqueue.NewSessionQueue, lineNumber=128, classLoaderName=null}, {fileName=SpanWrappedHttpHandler.java, moduleVersion=null, nativeMethod=false, moduleName=null, methodName=execute, className=org.openqa.selenium.remote.tracing.SpanWrappedHttpHandler, lineNumber=87, classLoaderName=null}, {fileName=Filter.java, moduleVersion=null, nativeMethod=false, moduleName=null, methodName=execute, className=org.openqa.selenium.remote.http.Filter$1, lineNumber=63, classLoaderName=null}, {fileName=Route.java, moduleVersion=null, nativeMethod=false, moduleName=null, methodName=handle, className=org.openqa.selenium.remote.http.Route$CombinedRoute, lineNumber=360, classLoaderName=null}, {fileName=Route.java, moduleVersion=null, nativeMethod=false, moduleName=null, methodName=execute, className=org.openqa.selenium.remote.http.Route, lineNumber=69, classLoaderName=null}, {fileName=Router.java, moduleVersion=null, nativeMethod=false, moduleName=null, methodName=execute, className=org.openqa.selenium.grid.router.Router, lineNumber=87, classLoaderName=null}, {fileName=EnsureSpecCompliantResponseHeaders.java, moduleVersion=null, nativeMethod=false, moduleName=null, methodName=lambda$apply$0, className=org.openqa.selenium.grid.web.EnsureSpecCompliantResponseHeaders, lineNumber=34, classLoaderName=null}, {fileName=Filter.java, moduleVersion=null, nativeMethod=false, moduleName=null, methodName=execute, className=org.openqa.selenium.remote.http.Filter$1, lineNumber=63, classLoaderName=null}, {fileName=Route.java, moduleVersion=null, nativeMethod=false, moduleName=null, methodName=handle, className=org.openqa.selenium.remote.http.Route$CombinedRoute, lineNumber=360, classLoaderName=null}, {fileName=Route.java, moduleVersion=null, nativeMethod=false, moduleName=null, methodName=execute, className=org.openqa.selenium.remote.http.Route, lineNumber=69, classLoaderName=null}, {fileName=AddWebDriverSpecHeaders.java, moduleVersion=null, nativeMethod=false, moduleName=null, methodName=lambda$apply$0, className=org.openqa.selenium.remote.AddWebDriverSpecHeaders, lineNumber=35, classLoaderName=null}, {fileName=ErrorFilter.java, moduleVersion=null, nativeMethod=false, moduleName=null, methodName=lambda$apply$0, className=org.openqa.selenium.remote.ErrorFilter, lineNumber=44, classLoaderName=null}, {fileName=Filter.java, moduleVersion=null, nativeMethod=false, moduleName=null, methodName=execute, className=org.openqa.selenium.remote.http.Filter$1, lineNumber=63, classLoaderName=null}, {fileName=ErrorFilter.java, moduleVersion=null, nativeMethod=false, moduleName=null, methodName=lambda$apply$0, className=org.openqa.selenium.remote.ErrorFilter, lineNumber=44, classLoaderName=null}, {fileName=Filter.java, moduleVersion=null, nativeMethod=false, moduleName=null, methodName=execute, className=org.openqa.selenium.remote.http.Filter$1, lineNumber=63, classLoaderName=null}, {fileName=SeleniumHandler.java, moduleVersion=null, nativeMethod=false, moduleName=null, methodName=lambda$channelRead0$0, className=org.openqa.selenium.netty.server.SeleniumHandler, lineNumber=44, classLoaderName=null}, {fileName=Executors.java, moduleVersion=17.0.12, nativeMethod=false, moduleName=java.base, methodName=call, className=java.util.concurrent.Executors$RunnableAdapter, lineNumber=539, classLoaderName=null}, {fileName=FutureTask.java, moduleVersion=17.0.12, nativeMethod=false, moduleName=java.base, methodName=run, className=java.util.concurrent.FutureTask, lineNumber=264, classLoaderName=null}, {fileName=ThreadPoolExecutor.java, moduleVersion=17.0.12, nativeMethod=false, moduleName=java.base, methodName=runWorker, className=java.util.concurrent.ThreadPoolExecutor, lineNumber=1136, classLoaderName=null}, {fileName=ThreadPoolExecutor.java, moduleVersion=17.0.12, nativeMethod=false, moduleName=java.base, methodName=run, className=java.util.concurrent.ThreadPoolExecutor$Worker, lineNumber=635, classLoaderName=null}, {fileName=Thread.java, moduleVersion=17.0.12, nativeMethod=false, moduleName=java.base, methodName=run, className=java.lang.Thread, lineNumber=840, classLoaderName=null}]" type="org.openqa.selenium.SessionNotCreatedException">
      <![CDATA[org.openqa.selenium.SessionNotCreatedException: Could not start a new session. New session request timed out 
Host info: host: 'e97840176215', ip: '172.18.0.2'
Build info: version: '4.23.1', revision: '656257d8e9'
System info: os.name: 'Linux', os.arch: 'amd64', os.version: '5.15.153.1-microsoft-standard-WSL2', java.version: '17.0.12'
Driver info: driver.version: unknown
Build info: version: '3.141.59', revision: 'e82be7d358', time: '2018-11-14T08:17:03'
System info: host: 'LAPTOP-GAKFKHBC', ip: '10.100.102.153', os.name: 'Windows 11', os.arch: 'amd64', os.version: '10.0', java.version: '17.0.4'
Driver info: driver.version: RemoteWebDriver
remote stacktrace: [{fileName=LocalNewSessionQueue.java, moduleVersion=null, nativeMethod=false, moduleName=null, methodName=addToQueue, className=org.openqa.selenium.grid.sessionqueue.local.LocalNewSessionQueue, lineNumber=221, classLoaderName=null}, {fileName=NewSessionQueue.java, moduleVersion=null, nativeMethod=false, moduleName=null, methodName=lambda$new$0, className=org.openqa.selenium.grid.sessionqueue.NewSessionQueue, lineNumber=68, classLoaderName=null}, {fileName=Route.java, moduleVersion=null, nativeMethod=false, moduleName=null, methodName=handle, className=org.openqa.selenium.remote.http.Route$TemplatizedRoute, lineNumber=192, classLoaderName=null}, {fileName=Route.java, moduleVersion=null, nativeMethod=false, moduleName=null, methodName=execute, className=org.openqa.selenium.remote.http.Route, lineNumber=69, classLoaderName=null}, {fileName=Route.java, moduleVersion=null, nativeMethod=false, moduleName=null, methodName=handle, className=org.openqa.selenium.remote.http.Route$CombinedRoute, lineNumber=360, classLoaderName=null}, {fileName=Route.java, moduleVersion=null, nativeMethod=false, moduleName=null, methodName=execute, className=org.openqa.selenium.remote.http.Route, lineNumber=69, classLoaderName=null}, {fileName=NewSessionQueue.java, moduleVersion=null, nativeMethod=false, moduleName=null, methodName=execute, className=org.openqa.selenium.grid.sessionqueue.NewSessionQueue, lineNumber=128, classLoaderName=null}, {fileName=SpanWrappedHttpHandler.java, moduleVersion=null, nativeMethod=false, moduleName=null, methodName=execute, className=org.openqa.selenium.remote.tracing.SpanWrappedHttpHandler, lineNumber=87, classLoaderName=null}, {fileName=Filter.java, moduleVersion=null, nativeMethod=false, moduleName=null, methodName=execute, className=org.openqa.selenium.remote.http.Filter$1, lineNumber=63, classLoaderName=null}, {fileName=Route.java, moduleVersion=null, nativeMethod=false, moduleName=null, methodName=handle, className=org.openqa.selenium.remote.http.Route$CombinedRoute, lineNumber=360, classLoaderName=null}, {fileName=Route.java, moduleVersion=null, nativeMethod=false, moduleName=null, methodName=execute, className=org.openqa.selenium.remote.http.Route, lineNumber=69, classLoaderName=null}, {fileName=Router.java, moduleVersion=null, nativeMethod=false, moduleName=null, methodName=execute, className=org.openqa.selenium.grid.router.Router, lineNumber=87, classLoaderName=null}, {fileName=EnsureSpecCompliantResponseHeaders.java, moduleVersion=null, nativeMethod=false, moduleName=null, methodName=lambda$apply$0, className=org.openqa.selenium.grid.web.EnsureSpecCompliantResponseHeaders, lineNumber=34, classLoaderName=null}, {fileName=Filter.java, moduleVersion=null, nativeMethod=false, moduleName=null, methodName=execute, className=org.openqa.selenium.remote.http.Filter$1, lineNumber=63, classLoaderName=null}, {fileName=Route.java, moduleVersion=null, nativeMethod=false, moduleName=null, methodName=handle, className=org.openqa.selenium.remote.http.Route$CombinedRoute, lineNumber=360, classLoaderName=null}, {fileName=Route.java, moduleVersion=null, nativeMethod=false, moduleName=null, methodName=execute, className=org.openqa.selenium.remote.http.Route, lineNumber=69, classLoaderName=null}, {fileName=AddWebDriverSpecHeaders.java, moduleVersion=null, nativeMethod=false, moduleName=null, methodName=lambda$apply$0, className=org.openqa.selenium.remote.AddWebDriverSpecHeaders, lineNumber=35, classLoaderName=null}, {fileName=ErrorFilter.java, moduleVersion=null, nativeMethod=false, moduleName=null, methodName=lambda$apply$0, className=org.openqa.selenium.remote.ErrorFilter, lineNumber=44, classLoaderName=null}, {fileName=Filter.java, moduleVersion=null, nativeMethod=false, moduleName=null, methodName=execute, className=org.openqa.selenium.remote.http.Filter$1, lineNumber=63, classLoaderName=null}, {fileName=ErrorFilter.java, moduleVersion=null, nativeMethod=false, moduleName=null, methodName=lambda$apply$0, className=org.openqa.selenium.remote.ErrorFilter, lineNumber=44, classLoaderName=null}, {fileName=Filter.java, moduleVersion=null, nativeMethod=false, moduleName=null, methodName=execute, className=org.openqa.selenium.remote.http.Filter$1, lineNumber=63, classLoaderName=null}, {fileName=SeleniumHandler.java, moduleVersion=null, nativeMethod=false, moduleName=null, methodName=lambda$channelRead0$0, className=org.openqa.selenium.netty.server.SeleniumHandler, lineNumber=44, classLoaderName=null}, {fileName=Executors.java, moduleVersion=17.0.12, nativeMethod=false, moduleName=java.base, methodName=call, className=java.util.concurrent.Executors$RunnableAdapter, lineNumber=539, classLoaderName=null}, {fileName=FutureTask.java, moduleVersion=17.0.12, nativeMethod=false, moduleName=java.base, methodName=run, className=java.util.concurrent.FutureTask, lineNumber=264, classLoaderName=null}, {fileName=ThreadPoolExecutor.java, moduleVersion=17.0.12, nativeMethod=false, moduleName=java.base, methodName=runWorker, className=java.util.concurrent.ThreadPoolExecutor, lineNumber=1136, classLoaderName=null}, {fileName=ThreadPoolExecutor.java, moduleVersion=17.0.12, nativeMethod=false, moduleName=java.base, methodName=run, className=java.util.concurrent.ThreadPoolExecutor$Worker, lineNumber=635, classLoaderName=null}, {fileName=Thread.java, moduleVersion=17.0.12, nativeMethod=false, moduleName=java.base, methodName=run, className=java.lang.Thread, lineNumber=840, classLoaderName=null}]
at java.base/jdk.internal.reflect.NativeConstructorAccessorImpl.newInstance0(Native Method)
at java.base/jdk.internal.reflect.NativeConstructorAccessorImpl.newInstance(NativeConstructorAccessorImpl.java:77)
at java.base/jdk.internal.reflect.DelegatingConstructorAccessorImpl.newInstance(DelegatingConstructorAccessorImpl.java:45)
at java.base/java.lang.reflect.Constructor.newInstanceWithCaller(Constructor.java:499)
at java.base/java.lang.reflect.Constructor.newInstance(Constructor.java:480)
at org.openqa.selenium.remote.W3CHandshakeResponse.lambda$errorHandler$0(W3CHandshakeResponse.java:62)
at org.openqa.selenium.remote.HandshakeResponse.lambda$getResponseFunction$0(HandshakeResponse.java:30)
at org.openqa.selenium.remote.ProtocolHandshake.lambda$createSession$0(ProtocolHandshake.java:126)
at java.base/java.util.stream.ReferencePipeline$3$1.accept(ReferencePipeline.java:197)
at java.base/java.util.Spliterators$ArraySpliterator.tryAdvance(Spliterators.java:1002)
at java.base/java.util.stream.ReferencePipeline.forEachWithCancel(ReferencePipeline.java:129)
at java.base/java.util.stream.AbstractPipeline.copyIntoWithCancel(AbstractPipeline.java:527)
at java.base/java.util.stream.AbstractPipeline.copyInto(AbstractPipeline.java:513)
at java.base/java.util.stream.AbstractPipeline.wrapAndCopyInto(AbstractPipeline.java:499)
at java.base/java.util.stream.FindOps$FindOp.evaluateSequential(FindOps.java:150)
at java.base/java.util.stream.AbstractPipeline.evaluate(AbstractPipeline.java:234)
at java.base/java.util.stream.ReferencePipeline.findFirst(ReferencePipeline.java:647)
at org.openqa.selenium.remote.ProtocolHandshake.createSession(ProtocolHandshake.java:128)
at org.openqa.selenium.remote.ProtocolHandshake.createSession(ProtocolHandshake.java:74)
at org.openqa.selenium.remote.HttpCommandExecutor.execute(HttpCommandExecutor.java:136)
at org.openqa.selenium.remote.RemoteWebDriver.execute(RemoteWebDriver.java:552)
at org.openqa.selenium.remote.RemoteWebDriver.startSession(RemoteWebDriver.java:213)
at org.openqa.selenium.remote.RemoteWebDriver.<init>(RemoteWebDriver.java:131)
at org.openqa.selenium.remote.RemoteWebDriver.<init>(RemoteWebDriver.java:144)
at tests.SanityTestHubNodes.setup(SanityTestHubNodes.java:39)
at java.base/jdk.internal.reflect.NativeMethodAccessorImpl.invoke0(Native Method)
at java.base/jdk.internal.reflect.NativeMethodAccessorImpl.invoke(NativeMethodAccessorImpl.java:77)
at java.base/jdk.internal.reflect.DelegatingMethodAccessorImpl.invoke(DelegatingMethodAccessorImpl.java:43)
at java.base/java.lang.reflect.Method.invoke(Method.java:568)
at org.testng.internal.invokers.MethodInvocationHelper.invokeMethod(MethodInvocationHelper.java:139)
at org.testng.internal.invokers.MethodInvocationHelper.invokeMethodConsideringTimeout(MethodInvocationHelper.java:69)
at org.testng.internal.invokers.ConfigInvoker.invokeConfigurationMethod(ConfigInvoker.java:361)
at org.testng.internal.invokers.ConfigInvoker.invokeConfigurations(ConfigInvoker.java:296)
at org.testng.internal.invokers.TestMethodWorker.invokeBeforeClassMethods(TestMethodWorker.java:180)
at org.testng.internal.invokers.TestMethodWorker.run(TestMethodWorker.java:122)
at java.base/java.util.ArrayList.forEach(ArrayList.java:1511)
at org.testng.TestRunner.privateRun(TestRunner.java:829)
at org.testng.TestRunner.run(TestRunner.java:602)
at org.testng.SuiteRunner.runTest(SuiteRunner.java:437)
at org.testng.SuiteRunner$SuiteWorker.run(SuiteRunner.java:475)
at org.testng.internal.thread.ThreadUtil.lambda$execute$0(ThreadUtil.java:58)
at java.base/java.util.concurrent.FutureTask.run(FutureTask.java:264)
at java.base/java.util.concurrent.ThreadPoolExecutor.runWorker(ThreadPoolExecutor.java:1136)
at java.base/java.util.concurrent.ThreadPoolExecutor$Worker.run(ThreadPoolExecutor.java:635)
at java.base/java.lang.Thread.run(Thread.java:833)
]]>
    </error>
  </testcase> <!-- setup -->
  <system-out/>
  <testcase classname="tests.SanityTestHubNodes" name="test01_count_items" time="0.000">
    <skipped/>
  </testcase> <!-- test01_count_items -->
  <system-out/>
  <testcase classname="tests.SanityTestHubNodes" name="test01_count_items" time="0.000">
    <skipped/>
  </testcase> <!-- test01_count_items -->
  <system-out/>
  <testcase classname="tests.SanityTestHubNodes" name="setup" time="300.825">
    <error message="Could not start a new session. New session request timed out 
Host info: host: &#039;e97840176215&#039;, ip: &#039;172.18.0.2&#039;
Build info: version: &#039;4.23.1&#039;, revision: &#039;656257d8e9&#039;
System info: os.name: &#039;Linux&#039;, os.arch: &#039;amd64&#039;, os.version: &#039;5.15.153.1-microsoft-standard-WSL2&#039;, java.version: &#039;17.0.12&#039;
Driver info: driver.version: unknown
Build info: version: &#039;3.141.59&#039;, revision: &#039;e82be7d358&#039;, time: &#039;2018-11-14T08:17:03&#039;
System info: host: &#039;LAPTOP-GAKFKHBC&#039;, ip: &#039;10.100.102.153&#039;, os.name: &#039;Windows 11&#039;, os.arch: &#039;amd64&#039;, os.version: &#039;10.0&#039;, java.version: &#039;17.0.4&#039;
Driver info: driver.version: RemoteWebDriver
remote stacktrace: [{fileName=LocalNewSessionQueue.java, moduleVersion=null, nativeMethod=false, moduleName=null, methodName=addToQueue, className=org.openqa.selenium.grid.sessionqueue.local.LocalNewSessionQueue, lineNumber=221, classLoaderName=null}, {fileName=NewSessionQueue.java, moduleVersion=null, nativeMethod=false, moduleName=null, methodName=lambda$new$0, className=org.openqa.selenium.grid.sessionqueue.NewSessionQueue, lineNumber=68, classLoaderName=null}, {fileName=Route.java, moduleVersion=null, nativeMethod=false, moduleName=null, methodName=handle, className=org.openqa.selenium.remote.http.Route$TemplatizedRoute, lineNumber=192, classLoaderName=null}, {fileName=Route.java, moduleVersion=null, nativeMethod=false, moduleName=null, methodName=execute, className=org.openqa.selenium.remote.http.Route, lineNumber=69, classLoaderName=null}, {fileName=Route.java, moduleVersion=null, nativeMethod=false, moduleName=null, methodName=handle, className=org.openqa.selenium.remote.http.Route$CombinedRoute, lineNumber=360, classLoaderName=null}, {fileName=Route.java, moduleVersion=null, nativeMethod=false, moduleName=null, methodName=execute, className=org.openqa.selenium.remote.http.Route, lineNumber=69, classLoaderName=null}, {fileName=NewSessionQueue.java, moduleVersion=null, nativeMethod=false, moduleName=null, methodName=execute, className=org.openqa.selenium.grid.sessionqueue.NewSessionQueue, lineNumber=128, classLoaderName=null}, {fileName=SpanWrappedHttpHandler.java, moduleVersion=null, nativeMethod=false, moduleName=null, methodName=execute, className=org.openqa.selenium.remote.tracing.SpanWrappedHttpHandler, lineNumber=87, classLoaderName=null}, {fileName=Filter.java, moduleVersion=null, nativeMethod=false, moduleName=null, methodName=execute, className=org.openqa.selenium.remote.http.Filter$1, lineNumber=63, classLoaderName=null}, {fileName=Route.java, moduleVersion=null, nativeMethod=false, moduleName=null, methodName=handle, className=org.openqa.selenium.remote.http.Route$CombinedRoute, lineNumber=360, classLoaderName=null}, {fileName=Route.java, moduleVersion=null, nativeMethod=false, moduleName=null, methodName=execute, className=org.openqa.selenium.remote.http.Route, lineNumber=69, classLoaderName=null}, {fileName=Router.java, moduleVersion=null, nativeMethod=false, moduleName=null, methodName=execute, className=org.openqa.selenium.grid.router.Router, lineNumber=87, classLoaderName=null}, {fileName=EnsureSpecCompliantResponseHeaders.java, moduleVersion=null, nativeMethod=false, moduleName=null, methodName=lambda$apply$0, className=org.openqa.selenium.grid.web.EnsureSpecCompliantResponseHeaders, lineNumber=34, classLoaderName=null}, {fileName=Filter.java, moduleVersion=null, nativeMethod=false, moduleName=null, methodName=execute, className=org.openqa.selenium.remote.http.Filter$1, lineNumber=63, classLoaderName=null}, {fileName=Route.java, moduleVersion=null, nativeMethod=false, moduleName=null, methodName=handle, className=org.openqa.selenium.remote.http.Route$CombinedRoute, lineNumber=360, classLoaderName=null}, {fileName=Route.java, moduleVersion=null, nativeMethod=false, moduleName=null, methodName=execute, className=org.openqa.selenium.remote.http.Route, lineNumber=69, classLoaderName=null}, {fileName=AddWebDriverSpecHeaders.java, moduleVersion=null, nativeMethod=false, moduleName=null, methodName=lambda$apply$0, className=org.openqa.selenium.remote.AddWebDriverSpecHeaders, lineNumber=35, classLoaderName=null}, {fileName=ErrorFilter.java, moduleVersion=null, nativeMethod=false, moduleName=null, methodName=lambda$apply$0, className=org.openqa.selenium.remote.ErrorFilter, lineNumber=44, classLoaderName=null}, {fileName=Filter.java, moduleVersion=null, nativeMethod=false, moduleName=null, methodName=execute, className=org.openqa.selenium.remote.http.Filter$1, lineNumber=63, classLoaderName=null}, {fileName=ErrorFilter.java, moduleVersion=null, nativeMethod=false, moduleName=null, methodName=lambda$apply$0, className=org.openqa.selenium.remote.ErrorFilter, lineNumber=44, classLoaderName=null}, {fileName=Filter.java, moduleVersion=null, nativeMethod=false, moduleName=null, methodName=execute, className=org.openqa.selenium.remote.http.Filter$1, lineNumber=63, classLoaderName=null}, {fileName=SeleniumHandler.java, moduleVersion=null, nativeMethod=false, moduleName=null, methodName=lambda$channelRead0$0, className=org.openqa.selenium.netty.server.SeleniumHandler, lineNumber=44, classLoaderName=null}, {fileName=Executors.java, moduleVersion=17.0.12, nativeMethod=false, moduleName=java.base, methodName=call, className=java.util.concurrent.Executors$RunnableAdapter, lineNumber=539, classLoaderName=null}, {fileName=FutureTask.java, moduleVersion=17.0.12, nativeMethod=false, moduleName=java.base, methodName=run, className=java.util.concurrent.FutureTask, lineNumber=264, classLoaderName=null}, {fileName=ThreadPoolExecutor.java, moduleVersion=17.0.12, nativeMethod=false, moduleName=java.base, methodName=runWorker, className=java.util.concurrent.ThreadPoolExecutor, lineNumber=1136, classLoaderName=null}, {fileName=ThreadPoolExecutor.java, moduleVersion=17.0.12, nativeMethod=false, moduleName=java.base, methodName=run, className=java.util.concurrent.ThreadPoolExecutor$Worker, lineNumber=635, classLoaderName=null}, {fileName=Thread.java, moduleVersion=17.0.12, nativeMethod=false, moduleName=java.base, methodName=run, className=java.lang.Thread, lineNumber=840, classLoaderName=null}]" type="org.openqa.selenium.SessionNotCreatedException">
      <![CDATA[org.openqa.selenium.SessionNotCreatedException: Could not start a new session. New session request timed out 
Host info: host: 'e97840176215', ip: '172.18.0.2'
Build info: version: '4.23.1', revision: '656257d8e9'
System info: os.name: 'Linux', os.arch: 'amd64', os.version: '5.15.153.1-microsoft-standard-WSL2', java.version: '17.0.12'
Driver info: driver.version: unknown
Build info: version: '3.141.59', revision: 'e82be7d358', time: '2018-11-14T08:17:03'
System info: host: 'LAPTOP-GAKFKHBC', ip: '10.100.102.153', os.name: 'Windows 11', os.arch: 'amd64', os.version: '10.0', java.version: '17.0.4'
Driver info: driver.version: RemoteWebDriver
remote stacktrace: [{fileName=LocalNewSessionQueue.java, moduleVersion=null, nativeMethod=false, moduleName=null, methodName=addToQueue, className=org.openqa.selenium.grid.sessionqueue.local.LocalNewSessionQueue, lineNumber=221, classLoaderName=null}, {fileName=NewSessionQueue.java, moduleVersion=null, nativeMethod=false, moduleName=null, methodName=lambda$new$0, className=org.openqa.selenium.grid.sessionqueue.NewSessionQueue, lineNumber=68, classLoaderName=null}, {fileName=Route.java, moduleVersion=null, nativeMethod=false, moduleName=null, methodName=handle, className=org.openqa.selenium.remote.http.Route$TemplatizedRoute, lineNumber=192, classLoaderName=null}, {fileName=Route.java, moduleVersion=null, nativeMethod=false, moduleName=null, methodName=execute, className=org.openqa.selenium.remote.http.Route, lineNumber=69, classLoaderName=null}, {fileName=Route.java, moduleVersion=null, nativeMethod=false, moduleName=null, methodName=handle, className=org.openqa.selenium.remote.http.Route$CombinedRoute, lineNumber=360, classLoaderName=null}, {fileName=Route.java, moduleVersion=null, nativeMethod=false, moduleName=null, methodName=execute, className=org.openqa.selenium.remote.http.Route, lineNumber=69, classLoaderName=null}, {fileName=NewSessionQueue.java, moduleVersion=null, nativeMethod=false, moduleName=null, methodName=execute, className=org.openqa.selenium.grid.sessionqueue.NewSessionQueue, lineNumber=128, classLoaderName=null}, {fileName=SpanWrappedHttpHandler.java, moduleVersion=null, nativeMethod=false, moduleName=null, methodName=execute, className=org.openqa.selenium.remote.tracing.SpanWrappedHttpHandler, lineNumber=87, classLoaderName=null}, {fileName=Filter.java, moduleVersion=null, nativeMethod=false, moduleName=null, methodName=execute, className=org.openqa.selenium.remote.http.Filter$1, lineNumber=63, classLoaderName=null}, {fileName=Route.java, moduleVersion=null, nativeMethod=false, moduleName=null, methodName=handle, className=org.openqa.selenium.remote.http.Route$CombinedRoute, lineNumber=360, classLoaderName=null}, {fileName=Route.java, moduleVersion=null, nativeMethod=false, moduleName=null, methodName=execute, className=org.openqa.selenium.remote.http.Route, lineNumber=69, classLoaderName=null}, {fileName=Router.java, moduleVersion=null, nativeMethod=false, moduleName=null, methodName=execute, className=org.openqa.selenium.grid.router.Router, lineNumber=87, classLoaderName=null}, {fileName=EnsureSpecCompliantResponseHeaders.java, moduleVersion=null, nativeMethod=false, moduleName=null, methodName=lambda$apply$0, className=org.openqa.selenium.grid.web.EnsureSpecCompliantResponseHeaders, lineNumber=34, classLoaderName=null}, {fileName=Filter.java, moduleVersion=null, nativeMethod=false, moduleName=null, methodName=execute, className=org.openqa.selenium.remote.http.Filter$1, lineNumber=63, classLoaderName=null}, {fileName=Route.java, moduleVersion=null, nativeMethod=false, moduleName=null, methodName=handle, className=org.openqa.selenium.remote.http.Route$CombinedRoute, lineNumber=360, classLoaderName=null}, {fileName=Route.java, moduleVersion=null, nativeMethod=false, moduleName=null, methodName=execute, className=org.openqa.selenium.remote.http.Route, lineNumber=69, classLoaderName=null}, {fileName=AddWebDriverSpecHeaders.java, moduleVersion=null, nativeMethod=false, moduleName=null, methodName=lambda$apply$0, className=org.openqa.selenium.remote.AddWebDriverSpecHeaders, lineNumber=35, classLoaderName=null}, {fileName=ErrorFilter.java, moduleVersion=null, nativeMethod=false, moduleName=null, methodName=lambda$apply$0, className=org.openqa.selenium.remote.ErrorFilter, lineNumber=44, classLoaderName=null}, {fileName=Filter.java, moduleVersion=null, nativeMethod=false, moduleName=null, methodName=execute, className=org.openqa.selenium.remote.http.Filter$1, lineNumber=63, classLoaderName=null}, {fileName=ErrorFilter.java, moduleVersion=null, nativeMethod=false, moduleName=null, methodName=lambda$apply$0, className=org.openqa.selenium.remote.ErrorFilter, lineNumber=44, classLoaderName=null}, {fileName=Filter.java, moduleVersion=null, nativeMethod=false, moduleName=null, methodName=execute, className=org.openqa.selenium.remote.http.Filter$1, lineNumber=63, classLoaderName=null}, {fileName=SeleniumHandler.java, moduleVersion=null, nativeMethod=false, moduleName=null, methodName=lambda$channelRead0$0, className=org.openqa.selenium.netty.server.SeleniumHandler, lineNumber=44, classLoaderName=null}, {fileName=Executors.java, moduleVersion=17.0.12, nativeMethod=false, moduleName=java.base, methodName=call, className=java.util.concurrent.Executors$RunnableAdapter, lineNumber=539, classLoaderName=null}, {fileName=FutureTask.java, moduleVersion=17.0.12, nativeMethod=false, moduleName=java.base, methodName=run, className=java.util.concurrent.FutureTask, lineNumber=264, classLoaderName=null}, {fileName=ThreadPoolExecutor.java, moduleVersion=17.0.12, nativeMethod=false, moduleName=java.base, methodName=runWorker, className=java.util.concurrent.ThreadPoolExecutor, lineNumber=1136, classLoaderName=null}, {fileName=ThreadPoolExecutor.java, moduleVersion=17.0.12, nativeMethod=false, moduleName=java.base, methodName=run, className=java.util.concurrent.ThreadPoolExecutor$Worker, lineNumber=635, classLoaderName=null}, {fileName=Thread.java, moduleVersion=17.0.12, nativeMethod=false, moduleName=java.base, methodName=run, className=java.lang.Thread, lineNumber=840, classLoaderName=null}]
at java.base/jdk.internal.reflect.NativeConstructorAccessorImpl.newInstance0(Native Method)
at java.base/jdk.internal.reflect.NativeConstructorAccessorImpl.newInstance(NativeConstructorAccessorImpl.java:77)
at java.base/jdk.internal.reflect.DelegatingConstructorAccessorImpl.newInstance(DelegatingConstructorAccessorImpl.java:45)
at java.base/java.lang.reflect.Constructor.newInstanceWithCaller(Constructor.java:499)
at java.base/java.lang.reflect.Constructor.newInstance(Constructor.java:480)
at org.openqa.selenium.remote.W3CHandshakeResponse.lambda$errorHandler$0(W3CHandshakeResponse.java:62)
at org.openqa.selenium.remote.HandshakeResponse.lambda$getResponseFunction$0(HandshakeResponse.java:30)
at org.openqa.selenium.remote.ProtocolHandshake.lambda$createSession$0(ProtocolHandshake.java:126)
at java.base/java.util.stream.ReferencePipeline$3$1.accept(ReferencePipeline.java:197)
at java.base/java.util.Spliterators$ArraySpliterator.tryAdvance(Spliterators.java:1002)
at java.base/java.util.stream.ReferencePipeline.forEachWithCancel(ReferencePipeline.java:129)
at java.base/java.util.stream.AbstractPipeline.copyIntoWithCancel(AbstractPipeline.java:527)
at java.base/java.util.stream.AbstractPipeline.copyInto(AbstractPipeline.java:513)
at java.base/java.util.stream.AbstractPipeline.wrapAndCopyInto(AbstractPipeline.java:499)
at java.base/java.util.stream.FindOps$FindOp.evaluateSequential(FindOps.java:150)
at java.base/java.util.stream.AbstractPipeline.evaluate(AbstractPipeline.java:234)
at java.base/java.util.stream.ReferencePipeline.findFirst(ReferencePipeline.java:647)
at org.openqa.selenium.remote.ProtocolHandshake.createSession(ProtocolHandshake.java:128)
at org.openqa.selenium.remote.ProtocolHandshake.createSession(ProtocolHandshake.java:74)
at org.openqa.selenium.remote.HttpCommandExecutor.execute(HttpCommandExecutor.java:136)
at org.openqa.selenium.remote.RemoteWebDriver.execute(RemoteWebDriver.java:552)
at org.openqa.selenium.remote.RemoteWebDriver.startSession(RemoteWebDriver.java:213)
at org.openqa.selenium.remote.RemoteWebDriver.<init>(RemoteWebDriver.java:131)
at org.openqa.selenium.remote.RemoteWebDriver.<init>(RemoteWebDriver.java:144)
at tests.SanityTestHubNodes.setup(SanityTestHubNodes.java:39)
at java.base/jdk.internal.reflect.NativeMethodAccessorImpl.invoke0(Native Method)
at java.base/jdk.internal.reflect.NativeMethodAccessorImpl.invoke(NativeMethodAccessorImpl.java:77)
at java.base/jdk.internal.reflect.DelegatingMethodAccessorImpl.invoke(DelegatingMethodAccessorImpl.java:43)
at java.base/java.lang.reflect.Method.invoke(Method.java:568)
at org.testng.internal.invokers.MethodInvocationHelper.invokeMethod(MethodInvocationHelper.java:139)
at org.testng.internal.invokers.MethodInvocationHelper.invokeMethodConsideringTimeout(MethodInvocationHelper.java:69)
at org.testng.internal.invokers.ConfigInvoker.invokeConfigurationMethod(ConfigInvoker.java:361)
at org.testng.internal.invokers.ConfigInvoker.invokeConfigurations(ConfigInvoker.java:296)
at org.testng.internal.invokers.TestMethodWorker.invokeBeforeClassMethods(TestMethodWorker.java:180)
at org.testng.internal.invokers.TestMethodWorker.run(TestMethodWorker.java:122)
at java.base/java.util.ArrayList.forEach(ArrayList.java:1511)
at org.testng.TestRunner.privateRun(TestRunner.java:829)
at org.testng.TestRunner.run(TestRunner.java:602)
at org.testng.SuiteRunner.runTest(SuiteRunner.java:437)
at org.testng.SuiteRunner$SuiteWorker.run(SuiteRunner.java:475)
at org.testng.internal.thread.ThreadUtil.lambda$execute$0(ThreadUtil.java:58)
at java.base/java.util.concurrent.FutureTask.run(FutureTask.java:264)
at java.base/java.util.concurrent.ThreadPoolExecutor.runWorker(ThreadPoolExecutor.java:1136)
at java.base/java.util.concurrent.ThreadPoolExecutor$Worker.run(ThreadPoolExecutor.java:635)
at java.base/java.lang.Thread.run(Thread.java:833)
]]>
    </error>
  </testcase> <!-- setup -->
  <system-out/>
  <testcase classname="tests.SanityTestHubNodes" name="test01_count_items" time="0.000">
    <skipped/>
  </testcase> <!-- test01_count_items -->
  <system-out/>
</testsuite> <!-- tests.SanityTestHubNodes -->
